<?xml version="1.0" encoding="UTF-8"?>
<testng-results skipped="0" failed="0" ignored="0" total="1" passed="1">
  <reporter-output>
  </reporter-output>
  <suite name="Default suite" duration-ms="12364" started-at="2018-05-25T01:00:15Z" finished-at="2018-05-25T01:00:27Z">
    <groups>
    </groups>
    <test name="Default test" duration-ms="12364" started-at="2018-05-25T01:00:15Z" finished-at="2018-05-25T01:00:27Z">
      <class name="test.java.spring.testng.test.CommonTest">
        <test-method status="PASS" signature="springTestContextBeforeTestClass()[pri:0, instance:test.java.spring.testng.test.CommonTest@1349883]" name="springTestContextBeforeTestClass" is-config="true" duration-ms="18" started-at="2018-05-25T01:00:15Z" finished-at="2018-05-25T01:00:15Z">
          <reporter-output>
          </reporter-output>
        </test-method> <!-- springTestContextBeforeTestClass -->
        <test-method status="PASS" signature="springTestContextPrepareTestInstance()[pri:0, instance:test.java.spring.testng.test.CommonTest@1349883]" name="springTestContextPrepareTestInstance" is-config="true" duration-ms="5257" started-at="2018-05-25T01:00:15Z" depends-on-methods="org.springframework.test.context.testng.AbstractTestNGSpringContextTests.springTestContextBeforeTestClass" finished-at="2018-05-25T01:00:20Z">
          <reporter-output>
          </reporter-output>
        </test-method> <!-- springTestContextPrepareTestInstance -->
        <test-method status="PASS" signature="springTestContextBeforeTestMethod(java.lang.reflect.Method)[pri:0, instance:test.java.spring.testng.test.CommonTest@1349883]" name="springTestContextBeforeTestMethod" is-config="true" duration-ms="4" started-at="2018-05-25T01:00:20Z" finished-at="2018-05-25T01:00:20Z">
          <params>
            <param index="0">
              <value>
                <![CDATA[public void test.java.spring.testng.test.CommonTest.helloWorldTest()]]>
              </value>
            </param>
          </params>
          <reporter-output>
          </reporter-output>
        </test-method> <!-- springTestContextBeforeTestMethod -->
        <test-method status="PASS" signature="helloWorldTest()[pri:0, instance:test.java.spring.testng.test.CommonTest@1349883]" name="helloWorldTest" duration-ms="7039" started-at="2018-05-25T01:00:20Z" finished-at="2018-05-25T01:00:27Z">
          <reporter-output>
          </reporter-output>
        </test-method> <!-- helloWorldTest -->
        <test-method status="PASS" signature="springTestContextAfterTestMethod(java.lang.reflect.Method)[pri:0, instance:test.java.spring.testng.test.CommonTest@1349883]" name="springTestContextAfterTestMethod" is-config="true" duration-ms="3" started-at="2018-05-25T01:00:27Z" finished-at="2018-05-25T01:00:27Z">
          <params>
            <param index="0">
              <value>
                <![CDATA[public void test.java.spring.testng.test.CommonTest.helloWorldTest()]]>
              </value>
            </param>
          </params>
          <reporter-output>
          </reporter-output>
        </test-method> <!-- springTestContextAfterTestMethod -->
        <test-method status="PASS" signature="springTestContextAfterTestClass()[pri:0, instance:test.java.spring.testng.test.CommonTest@1349883]" name="springTestContextAfterTestClass" is-config="true" duration-ms="0" started-at="2018-05-25T01:00:27Z" finished-at="2018-05-25T01:00:27Z">
          <reporter-output>
          </reporter-output>
        </test-method> <!-- springTestContextAfterTestClass -->
      </class> <!-- test.java.spring.testng.test.CommonTest -->
    </test> <!-- Default test -->
  </suite> <!-- Default suite -->
</testng-results>
